Skipping 'acl'.
Adding to 'adwaita-icon-theme'.
Adding to 'alsa-lib'.
  Removing dependency on gcc.
Adding to 'alsa-plugins'.
Adding to 'alsa-tools'.
Adding to 'alsa-utils'.
Adding to 'atk'.
Adding to 'atkmm'.
Adding to 'at-spi2-atk'.
Adding to 'at-spi2-core'.
Skipping 'attr'.
Skipping 'autoconf'.
Skipping 'automake'.
Skipping 'bash'.
Not required for 'basic_build_tools'.
Skipping 'basic_fhs'.
Adding to 'basic_tools'.
  Removing dependency on gcc.
Skipping 'basic_users'.
Skipping 'bc'.
Not required for 'beaker'.
Adding to 'bind-utils'.
  Removing dependency on gcc.
Skipping 'binutils'.
Skipping 'bison'.
Skipping 'bzip2'.
Adding to 'ca-certificates'.
Adding to 'cairo'.
Adding to 'cairomm'.
Skipping 'check'.
Adding to 'cifs-utils'.
  Removing dependency on gcc.
Skipping 'cmake'.
Skipping 'coreutils'.
Adding to 'cpio'.
  Removing dependency on gcc.
Adding to 'curl'.
Skipping 'dbus'.
Skipping 'dejagnu'.
Adding to 'dejavu-fonts'.
Skipping 'diffutils'.
Adding to 'docbook-xml'.
Adding to 'docbook-xsl-nons'.
Adding to 'dosfstools'.
  Removing dependency on gcc.
Adding to 'dunst'.
Adding to 'e2fsprogs'.
  Removing dependency on gcc.
Adding to 'efibootmgr'.
  Removing dependency on gcc.
Adding to 'efi_stub_booting'.
  Removing dependency on gcc.
Adding to 'efivar'.
  Removing dependency on gcc.
Skipping 'elfutils'.
Adding to 'encodings'.
Skipping 'expat'.
Skipping 'expect'.
Adding to 'feh'.
Adding to 'ffmpeg'.
Skipping 'file'.
Not required for 'findlib'.
Skipping 'findutils'.
Skipping 'flex'.
Not required for 'fluxbox'.
Adding to 'font-adobe-utopia-type1'.
Adding to 'font-alias'.
Adding to 'font-bh-ttf'.
Adding to 'font-bh-type1'.
Adding to 'fontconfig'.
  Removing dependency on gcc.
Adding to 'font-ibm-type1'.
Adding to 'font-misc-ethiopic'.
Adding to 'font-util'.
Adding to 'font-xfree86-type1'.
Adding to 'freeglut'.
Adding to 'freetype'.
  Removing dependency on gcc.
Adding to 'fribidi'.
  Removing dependency on gcc.
Not required for 'funcsigs'.
Skipping 'gawk'.
Skipping 'gcc'.
Skipping 'gdbm'.
Adding to 'gdk-pixbuf'.
Skipping 'gettext'.
Adding to 'git'.
  Removing dependency on gcc.
Adding to 'glew'.
Adding to 'glib'.
Skipping 'glibc'.
Adding to 'glibmm'.
Adding to 'glu'.
Skipping 'gmp'.
Adding to 'gnutls'.
Adding to 'gobject-introspection'.
Skipping 'gperf'.
Skipping 'grep'.
Adding to 'groff'.
  Removing dependency on gcc.
Adding to 'grub'.
  Removing dependency on gcc.
Adding to 'grub-efi'.
  Removing dependency on gcc.
Adding to 'gtk-3'.
Adding to 'gtkmm-3'.
Skipping 'gzip'.
Adding to 'harfbuzz'.
Adding to 'hicolor-icon-theme'.
  Removing dependency on gcc.
Skipping 'iana-etc'.
Adding to 'iceauth'.
Adding to 'icu'.
  Removing dependency on gcc.
Adding to 'igt-gpu-tools'.
Adding to 'imlib2'.
Skipping 'inetutils'.
Adding to 'intel-gmmlib'.
  Removing dependency on gcc.
Adding to 'intel-media-va-driver'.
Adding to 'intel-vaapi-driver'.
Skipping 'intltool'.
Skipping 'iproute2'.
Adding to 'isc-dhcp'.
  Removing dependency on gcc.
Adding to 'iso-codes'.
  Removing dependency on gcc.
Adding to 'itstool'.
Adding to 'jansson'.
  Removing dependency on gcc.
Adding to 'json-c'.
  Removing dependency on gcc.
Adding to 'json-glib'.
Skipping 'kbd'.
Skipping 'kmod'.
Skipping 'less'.
Adding to 'libaio'.
  Removing dependency on gcc.
Adding to 'libcanberra'.
Skipping 'libcap'.
Adding to 'libcap-ng'.
  Removing dependency on gcc.
Adding to 'libdmx'.
Adding to 'libdrm'.
Adding to 'libepoxy'.
Adding to 'libevdev'.
  Removing dependency on gcc.
Skipping 'libffi'.
Adding to 'libfontenc'.
Adding to 'libFS'.
Adding to 'libgcrypt'.
Adding to 'libgpg-error'.
  Removing dependency on gcc.
Adding to 'libgudev'.
Adding to 'libICE'.
Adding to 'libinput'.
Adding to 'libjpeg-turbo'.
  Removing dependency on gcc.
Adding to 'liblinear'.
  Removing dependency on gcc.
Adding to 'libndp'.
  Removing dependency on gcc.
Adding to 'libnl'.
  Removing dependency on gcc.
Adding to 'libnma'.
Adding to 'libnotify'.
Adding to 'libogg'.
  Removing dependency on gcc.
Adding to 'libpcap'.
  Removing dependency on gcc.
Adding to 'libpciaccess'.
Adding to 'libpipeline'.
  Removing dependency on gcc.
Adding to 'libpng'.
  Removing dependency on gcc.
Adding to 'librsvg'.
Adding to 'libsecret'.
Adding to 'libsigc++'.
  Removing dependency on gcc.
Adding to 'libSM'.
Adding to 'libsndfile'.
Adding to 'libtasn1'.
  Removing dependency on gcc.
Adding to 'libtirpc'.
  Removing dependency on gcc.
Skipping 'libtool'.
Adding to 'libunistring'.
  Removing dependency on gcc.
Adding to 'libusb'.
  Removing dependency on gcc.
Skipping 'libuv'.
Adding to 'libva'.
Adding to 'libva-utils'.
Adding to 'libvdpau'.
Adding to 'libvorbis'.
Adding to 'libX11'.
Adding to 'libXau'.
Adding to 'libXaw'.
Adding to 'libxcb'.
Adding to 'libXcomposite'.
Adding to 'libXcursor'.
Adding to 'libXdamage'.
Adding to 'libXdmcp'.
Adding to 'libXext'.
Adding to 'libXfixes'.
Adding to 'libXfont2'.
Adding to 'libXft'.
Adding to 'libXi'.
Adding to 'libXinerama'.
Adding to 'libxkbcommon'.
Adding to 'libxkbfile'.
Adding to 'libxml2'.
  Removing dependency on gcc.
Adding to 'libXmu'.
Adding to 'libXpm'.
Adding to 'libXrandr'.
Adding to 'libXrender'.
Adding to 'libXres'.
Adding to 'libXScrnSaver'.
Adding to 'libxshmfence'.
Adding to 'libxslt'.
Adding to 'libXt'.
Adding to 'libXtst'.
Adding to 'libXv'.
Adding to 'libXvMC'.
Adding to 'libXxf86dga'.
Adding to 'libXxf86vm'.
Skipping 'licenses'.
Adding to 'linux'.
  Removing dependency on gcc.
Adding to 'linux-firmware'.
Skipping 'linux-headers'.
Adding to 'llvm'.
  Removing dependency on gcc.
Adding to 'lsscsi'.
  Removing dependency on gcc.
Adding to 'lua'.
  Removing dependency on gcc.
Adding to 'luit'.
Adding to 'lvm2'.
Skipping 'm4'.
Skipping 'make'.
Adding to 'man-db'.
Skipping 'man-pages'.
Adding to 'mesa'.
Adding to 'mesa-demos'.
Skipping 'meson'.
Adding to 'mkfontscale'.
Skipping 'mpc'.
Skipping 'mpfr'.
Adding to 'mtdev'.
  Removing dependency on gcc.
Skipping 'nasm'.
Skipping 'ncurses'.
Adding to 'nettle'.
  Removing dependency on gcc.
Adding to 'NetworkManager'.
Adding to 'network-manager-applet'.
Adding to 'nfs-utils'.
  Removing dependency on gcc.
Adding to 'nghttp2'.
  Removing dependency on gcc.
Skipping 'ninja'.
Adding to 'nmap'.
  Removing dependency on gcc.
Not required for 'ntfs-3g'.
Not required for 'ocaml'.
Not required for 'ocamlbuild'.
Adding to 'openbox'.
Adding to 'openssh'.
  Removing dependency on gcc.
Skipping 'openssl'.
Adding to 'pango'.
Adding to 'pangomm'.
Skipping 'patch'.
Adding to 'pavucontrol'.
Adding to 'pciutils'.
  Removing dependency on gcc.
Adding to 'pcre'.
  Removing dependency on gcc.
Skipping 'perl'.
Adding to 'pixman'.
Skipping 'pkg-config'.
Adding to 'popt'.
  Removing dependency on gcc.
Skipping 'procps-ng'.
Skipping 'psmisc'.
Adding to 'pulseaudio'.
Adding to 'pygobject'.
Not required for 'python'.
Skipping 'python3'.
Adding to 'python3-jinja2'.
  Removing dependency on gcc.
Adding to 'python3-lxml'.
Adding to 'python3-mako'.
Adding to 'python3-markupsafe'.
  Removing dependency on gcc.
Skipping 'readline'.
Adding to 'rpcsvc-proto'.
  Removing dependency on gcc.
Adding to 'rustc'.
  Removing dependency on gcc.
Adding to 'rxvt-unicode'.
Adding to 'SDL2'.
Skipping 'sed'.
Adding to 'sessreg'.
Adding to 'setxkbmap'.
Skipping 'shadow'.
Adding to 'shared-mime-info'.
Adding to 'smartmontools'.
Adding to 'smproxy'.
Adding to 'sqlite3'.
  Removing dependency on gcc.
Adding to 'squashfs-tools'.
  Removing dependency on gcc.
Adding to 'startup-notification'.
Adding to 'sudo'.
  Removing dependency on gcc.
Skipping 'systemd'.
Not required for 'talloc'.
Skipping 'tar'.
Skipping 'tcl-core'.
Adding to 'tcpdump'.
  Removing dependency on gcc.
Skipping 'texinfo'.
Adding to 'tint2'.
Adding to 'tinyxml2'.
  Removing dependency on gcc.
Skipping 'tpm2'.
Adding to 'traceroute'.
  Removing dependency on gcc.
Adding to 'tsl-basic'.
Adding to 'tsl_demos'.
Adding to 'tsl-graphical'.
Adding to 'tsl_graphical_config'.
  Removing dependency on gcc.
Adding to 'tsl_graphical_wallpaper'.
  Removing dependency on gcc.
Adding to 'tsl-small'.
Adding to 'tzdata'.
Adding to 'usbutils'.
  Removing dependency on gcc.
Skipping 'util-linux'.
Adding to 'valgrind'.
  Removing dependency on gcc.
Skipping 'vim'.
Adding to 'wayland'.
  Removing dependency on gcc.
Adding to 'wayland-protocols'.
Adding to 'wget'.
  Removing dependency on gcc.
Adding to 'which'.
  Removing dependency on gcc.
Adding to 'wireless-regdb'.
  Removing dependency on gcc.
Adding to 'wpa_supplicant'.
Adding to 'x11perf'.
Adding to 'xauth'.
Adding to 'xbacklight'.
Adding to 'xbitmaps'.
Adding to 'xcb-proto'.
Adding to 'xcb-util'.
Adding to 'xcb-util-cursor'.
Adding to 'xcb-util-image'.
Adding to 'xcb-util-keysyms'.
Adding to 'xcb-util-renderutil'.
Adding to 'xcb-util-wm'.
Adding to 'xclock'.
Adding to 'xcmsdb'.
Adding to 'xcursorgen'.
Adding to 'xcursor-themes'.
Adding to 'xdpyinfo'.
Adding to 'xdriinfo'.
Adding to 'xev'.
Adding to 'xf86-input-libinput'.
Adding to 'xf86-input-synaptics'.
Adding to 'xf86-input-wacom'.
Adding to 'xf86-video-amdgpu'.
Adding to 'xf86-video-ati'.
Adding to 'xf86-video-fbdev'.
Adding to 'xf86-video-intel'.
Adding to 'xf86-video-nouveau'.
Adding to 'xf86-video-vmware'.
Adding to 'xgamma'.
Adding to 'xhost'.
Adding to 'xinit'.
Adding to 'xinput'.
Adding to 'xkbcomp'.
Adding to 'xkbevd'.
Adding to 'xkbutils'.
Adding to 'xkeyboard-config'.
Adding to 'xkill'.
Adding to 'xlsatoms'.
Adding to 'xlsclients'.
Adding to 'xmessage'.
Not required for 'xml-light'.
Skipping 'xml-parser'.
Adding to 'xmlto'.
Adding to 'xmodmap'.
Adding to 'xorg-applications'.
Adding to 'xorg-basic'.
Adding to 'xorg-fonts-basic'.
Adding to 'xorg-input-drivers'.
Adding to 'xorg-libraries'.
Adding to 'xorgproto'.
Adding to 'xorg-server'.
Adding to 'xorg-util-macros'.
  Removing dependency on gcc.
Adding to 'xorg-video-drivers'.
Adding to 'xpr'.
Adding to 'xprop'.
Adding to 'xrandr'.
Adding to 'xrdb'.
Adding to 'xrefresh'.
Adding to 'xset'.
Adding to 'xsetroot'.
Adding to 'xtrans'.
Adding to 'xvinfo'.
Adding to 'xwd'.
Adding to 'xwininfo'.
Adding to 'xwud'.
Skipping 'xz'.
Skipping 'zlib'.
Skipping 'zstd'.
